<?xml version="1.0" encoding="UTF-8"?>
<testsuite xmlns:xsi="http://www.w3.org/2001/XMLSchema-instance" xsi:noNamespaceSchemaLocation="https://maven.apache.org/surefire/maven-surefire-plugin/xsd/surefire-test-report-3.0.xsd" version="3.0" name="com.graphql.backend.GraphqlBackendApplicationTests" time="23.737" tests="1" errors="0" skipped="0" failures="0">
  <properties>
[...]
</properties>
  <testcase name="contextLoads" classname="com.graphql.backend.GraphqlBackendApplicationTests" time="1.533">
    <system-out><![CDATA[15:35:33.194 [main] INFO org.springframework.test.context.support.AnnotationConfigContextLoaderUtils -- Could not detect default configuration classes for test class [com.graphql.backend.GraphqlBackendApplicationTests]: GraphqlBackendApplicationTests does not declare any static, non-private, non-final, nested classes annotated with @Configuration.
15:35:33.635 [main] INFO org.springframework.boot.test.context.SpringBootTestContextBootstrapper -- Found @SpringBootConfiguration com.graphql.backend.GraphqlBackendApplication for test class com.graphql.backend.GraphqlBackendApplicationTests

  .   ____          _            __ _ _
 /\\ / ___'_ __ _ _(_)_ __  __ _ \ \ \ \
( ( )\___ | '_ | '_| | '_ \/ _` | \ \ \ \
 \\/  ___)| |_)| | | | | || (_| |  ) ) ) )
  '  |____| .__|_| |_|_| |_\__, | / / / /
 =========|_|==============|___/=/_/_/_/

 :: Spring Boot ::                (v3.3.1)

2024-07-14T15:35:36.216+05:30  INFO 3236 --- [graphql-backend] [           main] c.g.b.GraphqlBackendApplicationTests     : Starting GraphqlBackendApplicationTests using Java 17.0.2 with PID 3236 (started by prsin in C:\Users\prsin\OneDrive\Desktop\Java-Backend-Projects\graphql-backend)
2024-07-14T15:35:36.226+05:30  INFO 3236 --- [graphql-backend] [           main] c.g.b.GraphqlBackendApplicationTests     : The following 1 profile is active: "dev"
2024-07-14T15:35:40.142+05:30  INFO 3236 --- [graphql-backend] [           main] .s.d.r.c.RepositoryConfigurationDelegate : Bootstrapping Spring Data JPA repositories in DEFAULT mode.
2024-07-14T15:35:40.801+05:30  INFO 3236 --- [graphql-backend] [           main] .s.d.r.c.RepositoryConfigurationDelegate : Finished Spring Data repository scanning in 636 ms. Found 1 JPA repository interface.
2024-07-14T15:35:43.085+05:30  INFO 3236 --- [graphql-backend] [           main] o.hibernate.jpa.internal.util.LogHelper  : HHH000204: Processing PersistenceUnitInfo [name: default]
2024-07-14T15:35:43.418+05:30  INFO 3236 --- [graphql-backend] [           main] org.hibernate.Version                    : HHH000412: Hibernate ORM core version 6.5.2.Final
2024-07-14T15:35:43.585+05:30  INFO 3236 --- [graphql-backend] [           main] o.h.c.internal.RegionFactoryInitiator    : HHH000026: Second-level cache disabled
2024-07-14T15:35:45.240+05:30  INFO 3236 --- [graphql-backend] [           main] o.s.o.j.p.SpringPersistenceUnitInfo      : No LoadTimeWeaver setup: ignoring JPA class transformer
2024-07-14T15:35:45.315+05:30  INFO 3236 --- [graphql-backend] [           main] com.zaxxer.hikari.HikariDataSource       : HikariPool-1 - Starting...
2024-07-14T15:35:45.850+05:30  INFO 3236 --- [graphql-backend] [           main] com.zaxxer.hikari.pool.HikariPool        : HikariPool-1 - Added connection conn0: url=jdbc:h2:mem:testdb user=ADMIN
2024-07-14T15:35:45.855+05:30  INFO 3236 --- [graphql-backend] [           main] com.zaxxer.hikari.HikariDataSource       : HikariPool-1 - Start completed.
2024-07-14T15:35:45.955+05:30  WARN 3236 --- [graphql-backend] [           main] org.hibernate.orm.deprecation            : HHH90000025: H2Dialect does not need to be specified explicitly using 'hibernate.dialect' (remove the property setting and it will be selected by default)
2024-07-14T15:35:49.207+05:30  INFO 3236 --- [graphql-backend] [           main] o.h.e.t.j.p.i.JtaPlatformInitiator       : HHH000489: No JTA platform available (set 'hibernate.transaction.jta.platform' to enable JTA platform integration)
Hibernate: create table books (id integer generated by default as identity, author varchar(255), desc varchar(255), pages integer not null, price float(53) not null, title varchar(255), primary key (id))
2024-07-14T15:35:49.358+05:30  INFO 3236 --- [graphql-backend] [           main] j.LocalContainerEntityManagerFactoryBean : Initialized JPA EntityManagerFactory for persistence unit 'default'
2024-07-14T15:35:50.925+05:30  WARN 3236 --- [graphql-backend] [           main] JpaBaseConfiguration$JpaWebConfiguration : spring.jpa.open-in-view is enabled by default. Therefore, database queries may be performed during view rendering. Explicitly configure spring.jpa.open-in-view to disable this warning
2024-07-14T15:35:52.300+05:30  INFO 3236 --- [graphql-backend] [           main] efaultSchemaResourceGraphQlSourceBuilder : Loaded 1 resource(s) in the GraphQL schema.
2024-07-14T15:35:53.641+05:30  INFO 3236 --- [graphql-backend] [           main] o.s.b.a.g.GraphQlAutoConfiguration       : GraphQL schema inspection:
	Unmapped fields: {}
	Unmapped registrations: {}
	Unmapped arguments: {}
	Skipped types: []
2024-07-14T15:35:53.755+05:30  INFO 3236 --- [graphql-backend] [           main] s.b.a.g.s.GraphQlWebMvcAutoConfiguration : GraphQL endpoint HTTP POST /graphql
2024-07-14T15:35:54.120+05:30  INFO 3236 --- [graphql-backend] [           main] o.s.b.a.h2.H2ConsoleAutoConfiguration    : H2 console available at '/h2-console'. Database available at 'jdbc:h2:mem:testdb'
2024-07-14T15:35:54.284+05:30  INFO 3236 --- [graphql-backend] [           main] c.g.b.GraphqlBackendApplicationTests     : Started GraphqlBackendApplicationTests in 19.869 seconds (process running for 23.815)
Hibernate: insert into books (author,desc,pages,price,title,id) values (?,?,?,?,?,default)
Hibernate: insert into books (author,desc,pages,price,title,id) values (?,?,?,?,?,default)
Hibernate: insert into books (author,desc,pages,price,title,id) values (?,?,?,?,?,default)
Hibernate: insert into books (author,desc,pages,price,title,id) values (?,?,?,?,?,default)
Hibernate: insert into books (author,desc,pages,price,title,id) values (?,?,?,?,?,default)
Hibernate: insert into books (author,desc,pages,price,title,id) values (?,?,?,?,?,default)
Hibernate: insert into books (author,desc,pages,price,title,id) values (?,?,?,?,?,default)
Hibernate: insert into books (author,desc,pages,price,title,id) values (?,?,?,?,?,default)
Hibernate: insert into books (author,desc,pages,price,title,id) values (?,?,?,?,?,default)
Hibernate: insert into books (author,desc,pages,price,title,id) values (?,?,?,?,?,default)
Hibernate: insert into books (author,desc,pages,price,title,id) values (?,?,?,?,?,default)
Hibernate: insert into books (author,desc,pages,price,title,id) values (?,?,?,?,?,default)
Hibernate: insert into books (author,desc,pages,price,title,id) values (?,?,?,?,?,default)
Hibernate: insert into books (author,desc,pages,price,title,id) values (?,?,?,?,?,default)
Hibernate: insert into books (author,desc,pages,price,title,id) values (?,?,?,?,?,default)
Hibernate: insert into books (author,desc,pages,price,title,id) values (?,?,?,?,?,default)
Hibernate: insert into books (author,desc,pages,price,title,id) values (?,?,?,?,?,default)
Hibernate: insert into books (author,desc,pages,price,title,id) values (?,?,?,?,?,default)
Hibernate: insert into books (author,desc,pages,price,title,id) values (?,?,?,?,?,default)
Hibernate: insert into books (author,desc,pages,price,title,id) values (?,?,?,?,?,default)
Hibernate: insert into books (author,desc,pages,price,title,id) values (?,?,?,?,?,default)
Hibernate: insert into books (author,desc,pages,price,title,id) values (?,?,?,?,?,default)
Hibernate: insert into books (author,desc,pages,price,title,id) values (?,?,?,?,?,default)
Hibernate: insert into books (author,desc,pages,price,title,id) values (?,?,?,?,?,default)
Hibernate: insert into books (author,desc,pages,price,title,id) values (?,?,?,?,?,default)
Hibernate: insert into books (author,desc,pages,price,title,id) values (?,?,?,?,?,default)
Hibernate: insert into books (author,desc,pages,price,title,id) values (?,?,?,?,?,default)
Hibernate: insert into books (author,desc,pages,price,title,id) values (?,?,?,?,?,default)
Hibernate: insert into books (author,desc,pages,price,title,id) values (?,?,?,?,?,default)
Hibernate: insert into books (author,desc,pages,price,title,id) values (?,?,?,?,?,default)
Hibernate: insert into books (author,desc,pages,price,title,id) values (?,?,?,?,?,default)
Hibernate: insert into books (author,desc,pages,price,title,id) values (?,?,?,?,?,default)
Hibernate: insert into books (author,desc,pages,price,title,id) values (?,?,?,?,?,default)
Hibernate: insert into books (author,desc,pages,price,title,id) values (?,?,?,?,?,default)
Hibernate: insert into books (author,desc,pages,price,title,id) values (?,?,?,?,?,default)
Hibernate: insert into books (author,desc,pages,price,title,id) values (?,?,?,?,?,default)
Hibernate: insert into books (author,desc,pages,price,title,id) values (?,?,?,?,?,default)
Hibernate: insert into books (author,desc,pages,price,title,id) values (?,?,?,?,?,default)
Hibernate: insert into books (author,desc,pages,price,title,id) values (?,?,?,?,?,default)
Hibernate: insert into books (author,desc,pages,price,title,id) values (?,?,?,?,?,default)
Hibernate: insert into books (author,desc,pages,price,title,id) values (?,?,?,?,?,default)
Hibernate: insert into books (author,desc,pages,price,title,id) values (?,?,?,?,?,default)
Hibernate: insert into books (author,desc,pages,price,title,id) values (?,?,?,?,?,default)
Hibernate: insert into books (author,desc,pages,price,title,id) values (?,?,?,?,?,default)
Hibernate: insert into books (author,desc,pages,price,title,id) values (?,?,?,?,?,default)
Hibernate: insert into books (author,desc,pages,price,title,id) values (?,?,?,?,?,default)
Hibernate: insert into books (author,desc,pages,price,title,id) values (?,?,?,?,?,default)
Hibernate: insert into books (author,desc,pages,price,title,id) values (?,?,?,?,?,default)
Hibernate: insert into books (author,desc,pages,price,title,id) values (?,?,?,?,?,default)
Hibernate: insert into books (author,desc,pages,price,title,id) values (?,?,?,?,?,default)
]]></system-out>
  </testcase>
</testsuite>